<?xml version="1.0" encoding="UTF-8"?>
<!-- Generated by org.testng.reporters.JUnitReportReporter -->
<testsuite hostname="MSI" failures="0" tests="1" name="com.testNG.concepts.ParallelExecution" time="8.884" errors="0" timestamp="2021-02-04T19:19:53 IST" skipped="0">
  <testcase classname="com.testNG.concepts.ParallelExecution" name="session1" time="8.884"/>
  <system-out/>
</testsuite> <!-- com.testNG.concepts.ParallelExecution -->
