<?xml version="1.0" encoding="UTF-8"?>
<!-- Generated by org.testng.reporters.JUnitReportReporter -->
<testsuite hostname="MSI" failures="0" tests="4" name="com.testNG.concepts.PriorityAttribute" time="0.017" errors="0" timestamp="2021-02-04T17:51:06 IST" skipped="0">
  <testcase classname="com.testNG.concepts.PriorityAttribute" name="test3" time="0.012"/>
  <system-out/>
  <testcase classname="com.testNG.concepts.PriorityAttribute" name="test2" time="0.001"/>
  <system-out/>
  <testcase classname="com.testNG.concepts.PriorityAttribute" name="test4" time="0.002"/>
  <system-out/>
  <testcase classname="com.testNG.concepts.PriorityAttribute" name="test1" time="0.002"/>
  <system-out/>
</testsuite> <!-- com.testNG.concepts.PriorityAttribute -->
