<?xml version="1.0" encoding="UTF-8"?>
<!-- Generated by org.testng.reporters.JUnitReportReporter -->
<testsuite hostname="MSI" failures="0" tests="1" name="com.softAssert.ParametersAnnotation" time="13.245" errors="0" timestamp="2021-02-04T17:27:24 IST" skipped="0">
  <testcase classname="com.softAssert.ParametersAnnotation" name="login" time="13.245"/>
  <system-out/>
</testsuite> <!-- com.softAssert.ParametersAnnotation -->
